<?xml version="1.0" encoding="UTF-8"?>
<testng-results skipped="0" failed="0" total="1" passed="1">
  <reporter-output>
  </reporter-output>
  <suite name="Default suite" duration-ms="97594" started-at="2017-02-15T17:34:43Z" finished-at="2017-02-15T17:36:21Z">
    <groups>
    </groups>
    <test name="Default test" duration-ms="97594" started-at="2017-02-15T17:34:43Z" finished-at="2017-02-15T17:36:21Z">
      <class name="steelcase.gittest.AppTest">
        <test-method status="PASS" signature="OpenBrowser()[pri:0, instance:steelcase.gittest.AppTest@1cd072a9]" name="OpenBrowser" is-config="true" duration-ms="83707" started-at="2017-02-15T11:34:43Z" finished-at="2017-02-15T11:36:07Z">
          <reporter-output>
          </reporter-output>
        </test-method> <!-- OpenBrowser -->
        <test-method status="PASS" signature="RegisterNewUser()[pri:0, instance:steelcase.gittest.AppTest@1cd072a9]" name="RegisterNewUser" duration-ms="3299" started-at="2017-02-15T11:36:07Z" finished-at="2017-02-15T11:36:11Z">
          <reporter-output>
          </reporter-output>
        </test-method> <!-- RegisterNewUser -->
        <test-method status="PASS" signature="CloseBrowser()[pri:0, instance:steelcase.gittest.AppTest@1cd072a9]" name="CloseBrowser" is-config="true" duration-ms="10113" started-at="2017-02-15T11:36:11Z" finished-at="2017-02-15T11:36:21Z">
          <reporter-output>
          </reporter-output>
        </test-method> <!-- CloseBrowser -->
      </class> <!-- steelcase.gittest.AppTest -->
    </test> <!-- Default test -->
  </suite> <!-- Default suite -->
</testng-results>
